Thu Nov 05 11:03:57 CET 2015 : Le gestionnaire de sécurité a été installé à l'aide de la stratégie de sécurité de serveur de base.
Thu Nov 05 11:03:59 CET 2015 : Apache Derby Network Server - 10.10.2.0 - (1582446) démarré et prêt à accepter les connexions sur le port 1527
Thu Nov 05 11:03:59 CET 2015 : Apache Derby Network Server - 10.10.2.0 - (1582446) démarré et prêt à accepter les connexions sur le port 1527
----------------------------------------------------------------
Thu Nov 05 11:04:14 CET 2015:
Amorçage de Derby version The Apache Software Foundation - Apache Derby - 10.10.2.0 - (1582446) : instance a816c00e-0150-d71a-575a-00001866f5d4 
dans le répertoire de base de données /home/m2miage/gidon/Documents/TA/workspace/TP EJB/.metadata/.plugins/glassfish.javadb/sun-appserv-samples avec le chargeur de classe sun.misc.Launcher$AppClassLoader@4e25154f
Chargé de file:/local/gidon/program/glassfish4/javadb/lib/derby.jar
java.vendor=Oracle Corporation
java.runtime.version=1.8.0_45-b14
user.dir=/local/gidon/program/glassfish4/glassfish
os.name=Linux
os.arch=amd64
os.version=3.16.0-4-amd64
derby.system.home=/home/m2miage/gidon/Documents/TA/workspace/TP EJB/.metadata/.plugins/glassfish.javadb
Chargeur de classe de la base de données démarré - derby.database.classpath = ''
----------------------------------------------------------------
Thu Nov 05 11:31:28 CET 2015 : fermeture du moteur Derby
----------------------------------------------------------------
Thu Nov 05 11:31:28 CET 2015:
Fermeture de l'instance a816c00e-0150-d71a-575a-00001866f5d4 sur le répertoire de base de données /home/m2miage/gidon/Documents/TA/workspace/TP EJB/.metadata/.plugins/glassfish.javadb/sun-appserv-samples avec le chargeur de classe sun.misc.Launcher$AppClassLoader@4e25154f 
----------------------------------------------------------------
Thu Nov 05 11:31:28 CET 2015 : Apache Derby Network Server - 10.10.2.0 - (1582446) arrêté
Thu Nov 05 11:32:19 CET 2015 : Le gestionnaire de sécurité a été installé à l'aide de la stratégie de sécurité de serveur de base.
Thu Nov 05 11:32:20 CET 2015 : Apache Derby Network Server - 10.10.2.0 - (1582446) démarré et prêt à accepter les connexions sur le port 1527
Thu Nov 05 11:32:20 CET 2015 : Apache Derby Network Server - 10.10.2.0 - (1582446) démarré et prêt à accepter les connexions sur le port 1527
----------------------------------------------------------------
Thu Nov 05 11:32:38 CET 2015:
Amorçage de Derby version The Apache Software Foundation - Apache Derby - 10.10.2.0 - (1582446) : instance a816c00e-0150-d734-4d86-00001866f5d4 
dans le répertoire de base de données /home/m2miage/gidon/Documents/TA/workspace/TP EJB/.metadata/.plugins/glassfish.javadb/sun-appserv-samples avec le chargeur de classe sun.misc.Launcher$AppClassLoader@4e25154f
Chargé de file:/local/gidon/program/glassfish4/javadb/lib/derby.jar
java.vendor=Oracle Corporation
java.runtime.version=1.8.0_45-b14
user.dir=/local/gidon/program/glassfish4/glassfish
os.name=Linux
os.arch=amd64
os.version=3.16.0-4-amd64
derby.system.home=/home/m2miage/gidon/Documents/TA/workspace/TP EJB/.metadata/.plugins/glassfish.javadb
Chargeur de classe de la base de données démarré - derby.database.classpath = ''
----------------------------------------------------------------
Thu Nov 05 12:29:27 CET 2015 : fermeture du moteur Derby
----------------------------------------------------------------
Thu Nov 05 12:29:29 CET 2015:
Fermeture de l'instance a816c00e-0150-d734-4d86-00001866f5d4 sur le répertoire de base de données /home/m2miage/gidon/Documents/TA/workspace/TP EJB/.metadata/.plugins/glassfish.javadb/sun-appserv-samples avec le chargeur de classe sun.misc.Launcher$AppClassLoader@4e25154f 
----------------------------------------------------------------
Thu Nov 05 12:29:32 CET 2015 : Apache Derby Network Server - 10.10.2.0 - (1582446) arrêté
Thu Nov 05 13:12:37 CET 2015 : Le gestionnaire de sécurité a été installé à l'aide de la stratégie de sécurité de serveur de base.
Thu Nov 05 13:12:39 CET 2015 : Apache Derby Network Server - 10.10.2.0 - (1582446) démarré et prêt à accepter les connexions sur le port 1527
Thu Nov 05 13:12:39 CET 2015 : Apache Derby Network Server - 10.10.2.0 - (1582446) démarré et prêt à accepter les connexions sur le port 1527
----------------------------------------------------------------
Thu Nov 05 13:13:07 CET 2015:
Amorçage de Derby version The Apache Software Foundation - Apache Derby - 10.10.2.0 - (1582446) : instance a816c00e-0150-d790-209a-00001866f5d4 
dans le répertoire de base de données /home/m2miage/gidon/Documents/TA/workspace/TP EJB/.metadata/.plugins/glassfish.javadb/sun-appserv-samples avec le chargeur de classe sun.misc.Launcher$AppClassLoader@4e25154f
Chargé de file:/local/gidon/program/glassfish4/javadb/lib/derby.jar
java.vendor=Oracle Corporation
java.runtime.version=1.8.0_45-b14
user.dir=/local/gidon/program/glassfish4/glassfish
os.name=Linux
os.arch=amd64
os.version=3.16.0-4-amd64
derby.system.home=/home/m2miage/gidon/Documents/TA/workspace/TP EJB/.metadata/.plugins/glassfish.javadb
Chargeur de classe de la base de données démarré - derby.database.classpath = ''
